mode: set
github.com/canhta/gistclaw/internal/agent/kind.go:15.31,16.11 1 1
github.com/canhta/gistclaw/internal/agent/kind.go:17.20,18.20 1 1
github.com/canhta/gistclaw/internal/agent/kind.go:19.22,20.22 1 1
github.com/canhta/gistclaw/internal/agent/kind.go:21.16,22.16 1 1
github.com/canhta/gistclaw/internal/agent/kind.go:23.10,24.44 1 0
github.com/canhta/gistclaw/internal/agent/kind.go:30.45,31.11 1 1
github.com/canhta/gistclaw/internal/agent/kind.go:32.18,33.27 1 1
github.com/canhta/gistclaw/internal/agent/kind.go:34.20,35.29 1 1
github.com/canhta/gistclaw/internal/agent/kind.go:36.14,37.23 1 1
github.com/canhta/gistclaw/internal/agent/kind.go:38.10,39.52 1 1
github.com/canhta/gistclaw/internal/config/config.go:59.29,61.40 2 1
github.com/canhta/gistclaw/internal/config/config.go:61.40,63.3 1 0
github.com/canhta/gistclaw/internal/config/config.go:64.2,64.27 1 1
github.com/canhta/gistclaw/internal/config/config.go:70.40,71.32 1 1
github.com/canhta/gistclaw/internal/config/config.go:71.32,73.3 1 0
github.com/canhta/gistclaw/internal/config/config.go:74.2,74.28 1 1
github.com/canhta/gistclaw/internal/config/config.go:78.42,81.2 1 0
github.com/canhta/gistclaw/internal/config/config.go:83.33,85.29 2 1
github.com/canhta/gistclaw/internal/config/config.go:85.29,87.3 1 1
github.com/canhta/gistclaw/internal/config/config.go:88.2,88.34 1 1
github.com/canhta/gistclaw/internal/config/config.go:88.34,90.3 1 1
github.com/canhta/gistclaw/internal/config/config.go:91.2,91.27 1 1
github.com/canhta/gistclaw/internal/config/config.go:91.27,93.3 1 1
github.com/canhta/gistclaw/internal/config/config.go:94.2,94.25 1 1
github.com/canhta/gistclaw/internal/config/config.go:94.25,96.3 1 1
github.com/canhta/gistclaw/internal/config/config.go:97.2,98.38 2 1
github.com/canhta/gistclaw/internal/config/config.go:98.38,100.3 1 0
github.com/canhta/gistclaw/internal/config/config.go:101.2,101.63 1 1
github.com/canhta/gistclaw/internal/config/config.go:101.63,103.3 1 1
github.com/canhta/gistclaw/internal/config/config.go:104.2,104.19 1 1
github.com/canhta/gistclaw/internal/config/config.go:104.19,106.3 1 1
github.com/canhta/gistclaw/internal/config/config.go:107.2,107.12 1 1
github.com/canhta/gistclaw/internal/app/supervisor.go:20.42,22.2 1 1
github.com/canhta/gistclaw/internal/app/supervisor.go:24.42,24.58 1 0
github.com/canhta/gistclaw/internal/app/supervisor.go:34.130,35.41 1 1
github.com/canhta/gistclaw/internal/app/supervisor.go:35.41,40.7 4 1
github.com/canhta/gistclaw/internal/app/supervisor.go:40.7,44.24 2 1
github.com/canhta/gistclaw/internal/app/supervisor.go:44.24,46.5 1 1
github.com/canhta/gistclaw/internal/app/supervisor.go:49.4,49.18 1 1
github.com/canhta/gistclaw/internal/app/supervisor.go:49.18,51.5 1 1
github.com/canhta/gistclaw/internal/app/supervisor.go:53.4,57.51 3 1
github.com/canhta/gistclaw/internal/app/supervisor.go:57.51,60.5 2 0
github.com/canhta/gistclaw/internal/app/supervisor.go:61.4,63.50 2 1
github.com/canhta/gistclaw/internal/app/supervisor.go:63.50,65.5 1 1
github.com/canhta/gistclaw/internal/app/supervisor.go:67.4,73.38 2 1
github.com/canhta/gistclaw/internal/app/supervisor.go:79.46,82.22 3 1
github.com/canhta/gistclaw/internal/app/supervisor.go:82.22,84.3 1 0
github.com/canhta/gistclaw/internal/app/supervisor.go:85.2,85.14 1 1
